<?xml version="1.0" encoding="UTF-8"?>
<testsuite name="Formulario de Registro" tests="1" skipped="0" failures="0" errors="0" timestamp="2022-01-05T19:46:39" hostname="22LAP5CG0525FBR" time="47.154">
  <properties/>
  <testcase name="como usuario comprar un xbox y verificar el precio correcto" classname="Formulario de Registro" time="47.154"/>
  <system-out><![CDATA[14:46:40.694 [Test worker] INFO net.serenitybdd.core.webdriver.driverproviders.ProvideNewDriver - Instantiating driver
14:46:40.694 [Test worker] INFO net.serenitybdd.core.webdriver.driverproviders.ProvideNewDriver - Driver capabilities: Capabilities {acceptInsecureCerts: false, acceptSslCerts: true, browserName: chrome, goog:chromeOptions: {args: [], extensions: []}, incognito: true, loggingPrefs: org.openqa.selenium.logging..., platform: ANY, version: }
14:46:54.911 [Test worker] DEBUG net.serenitybdd.core.photography.Darkroom - Opening darkroom
14:46:54.919 [Darkroom Processing Line] DEBUG net.serenitybdd.core.photography.DarkroomProcessingLine - Darkroom processing line starting up
14:46:56.578 [Test worker] DEBUG net.serenitybdd.core.photography.Darkroom - Send negative for processing for C:\Falabella_Buy\target\site\serenity\5b44780861805583178fd759ac76171e5d1aa4f64cd5b6048b2b545ec831aec4.png
14:46:56.581 [Darkroom Processing Line] DEBUG net.serenitybdd.core.photography.DarkroomProcessingLine - Processing screenshot image in /var/screenshots/screenshot-2287904375781968381
14:46:56.581 [Darkroom Processing Line] DEBUG net.serenitybdd.core.photography.DarkroomProcessingLine - Saving screenshot to C:\Falabella_Buy\target\site\serenity\5b44780861805583178fd759ac76171e5d1aa4f64cd5b6048b2b545ec831aec4.png
14:46:57.966 [Test worker] DEBUG net.serenitybdd.core.photography.Darkroom - Send negative for processing for C:\Falabella_Buy\target\site\serenity\5b44780861805583178fd759ac76171e5d1aa4f64cd5b6048b2b545ec831aec4.png
14:47:05.942 [Test worker] DEBUG net.serenitybdd.core.photography.Darkroom - Send negative for processing for C:\Falabella_Buy\target\site\serenity\9e7074b28b7f6a8da0994ac74b440a5f24b73fb998dae94f1b8c4e42e334ef88.png
14:47:05.942 [Darkroom Processing Line] DEBUG net.serenitybdd.core.photography.DarkroomProcessingLine - Processing screenshot image in /var/screenshots/screenshot-5894121944611258597
14:47:05.942 [Darkroom Processing Line] DEBUG net.serenitybdd.core.photography.DarkroomProcessingLine - Saving screenshot to C:\Falabella_Buy\target\site\serenity\9e7074b28b7f6a8da0994ac74b440a5f24b73fb998dae94f1b8c4e42e334ef88.png
14:47:06.464 [Test worker] DEBUG net.serenitybdd.core.photography.Darkroom - Send negative for processing for C:\Falabella_Buy\target\site\serenity\500466b1d4e4a7343788f39efda82945291e46b0a8851411632382c66b2a8070.png
14:47:06.466 [Darkroom Processing Line] DEBUG net.serenitybdd.core.photography.DarkroomProcessingLine - Processing screenshot image in /var/screenshots/screenshot-801016700551576723
14:47:06.466 [Darkroom Processing Line] DEBUG net.serenitybdd.core.photography.DarkroomProcessingLine - Saving screenshot to C:\Falabella_Buy\target\site\serenity\500466b1d4e4a7343788f39efda82945291e46b0a8851411632382c66b2a8070.png
14:47:25.353 [Test worker] DEBUG net.serenitybdd.core.photography.Darkroom - Send negative for processing for C:\Falabella_Buy\target\site\serenity\a7190bc47b52c74ed33c06e9b6314da8de17b515e39dbb0fbd4740bea12655b7.png
14:47:25.355 [Darkroom Processing Line] DEBUG net.serenitybdd.core.photography.DarkroomProcessingLine - Processing screenshot image in /var/screenshots/screenshot-1512441213169758939
14:47:25.355 [Darkroom Processing Line] DEBUG net.serenitybdd.core.photography.DarkroomProcessingLine - Saving screenshot to C:\Falabella_Buy\target\site\serenity\a7190bc47b52c74ed33c06e9b6314da8de17b515e39dbb0fbd4740bea12655b7.png
14:47:26.833 [Test worker] INFO net.thucydides.core.steps.ConsoleLoggingListener - ?[92m
        __    _____ _____ ____ _____   ____   _    ____  ____  _____ ____  
  _     \ \  |_   _| ____/ ___|_   _| |  _ \ / \  / ___|/ ___|| ____|  _ \ 
 (_)_____| |   | | |  _| \___ \ | |   | |_) / _ \ \___ \\___ \|  _| | | | |
  _|_____| |   | | | |___ ___) || |   |  __/ ___ \ ___) |___) | |___| |_| |
 (_)     | |   |_| |_____|____/ |_|   |_| /_/   \_\____/|____/|_____|____/ 
        /_/                                                                

TEST PASSED: como usuario comprar un xbox y verificar el precio correcto
----------------------------------------------------------------------------?[0m
]]></system-out>
  <system-err><![CDATA[ene 05, 2022 2:46:40 PM org.openqa.selenium.remote.DesiredCapabilities chrome
INFORMACIÓN: Using `new ChromeOptions()` is preferred to `DesiredCapabilities.chrome()`
Starting ChromeDriver 96.0.4664.45 (76e4c1bb2ab4671b8beba3444e61c0f17584b2fc-refs/branch-heads/4664@{#947}) on port 32737
Only local connections are allowed.
Please see https://chromedriver.chromium.org/security-considerations for suggestions on keeping ChromeDriver safe.
ChromeDriver was started successfully.
ene 05, 2022 2:46:46 PM org.openqa.selenium.remote.ProtocolHandshake createSession
INFORMACIÓN: Detected dialect: W3C
]]></system-err>
</testsuite>
