<?xml version="1.0" encoding="UTF-8"?>
<testsuite name="com.indra.runners.FalabellaRunners" tests="0" skipped="0" failures="0" errors="0" timestamp="1970-01-01T00:00:00" hostname="22LAP5CG0525FBR" time="0.0">
  <properties/>
  <system-out><![CDATA[14:46:38.921 [Test worker] DEBUG net.thucydides.core.util.PropertiesFileLocalPreferences - LOADING LOCAL PROPERTIES FROM C:\Falabella_Buy\serenity.properties 
14:46:39.007 [Test worker] DEBUG net.thucydides.core.util.PropertiesFileLocalPreferences - LOADING LOCAL PROPERTIES FROM C:\Falabella_Buy\serenity.properties 
14:46:39.023 [Test worker] DEBUG net.thucydides.core.util.PropertiesFileLocalPreferences - LOADING LOCAL PROPERTIES FROM C:\Falabella_Buy\serenity.properties 
14:46:39.023 [Test worker] DEBUG net.thucydides.core.util.PropertiesFileLocalPreferences - webdriver.driver=chrome
14:46:39.023 [Test worker] DEBUG net.thucydides.core.util.PropertiesFileLocalPreferences - chrome.capabilities.incognito=true
14:46:39.023 [Test worker] DEBUG net.thucydides.core.util.PropertiesFileLocalPreferences - webdriver.chrome.driver=src/test/resources/drivers/chromedriver.exe
14:46:39.023 [Test worker] DEBUG net.thucydides.core.util.PropertiesFileLocalPreferences - chrome.capabilities.acceptSslCerts=true
14:46:39.023 [Test worker] DEBUG net.thucydides.core.util.PropertiesFileLocalPreferences - serenity.console.colors=true
14:46:39.023 [Test worker] DEBUG net.thucydides.core.util.PropertiesFileLocalPreferences - webdriver.base.url=https://www.falabella.com.co
14:46:39.023 [Test worker] DEBUG net.thucydides.core.util.PropertiesFileLocalPreferences - serenity.project.name=File_Upload
14:46:39.023 [Test worker] DEBUG net.thucydides.core.util.PropertiesFileLocalPreferences - webdriver.wait.for.timeout=6000
14:46:39.023 [Test worker] DEBUG net.thucydides.core.util.PropertiesFileLocalPreferences - serenity.use.unique.browser=true
14:46:39.023 [Test worker] DEBUG net.thucydides.core.util.PropertiesFileLocalPreferences - webdriver.timeouts.implicitlywait=10000
14:46:39.023 [Test worker] DEBUG net.thucydides.core.util.PropertiesFileLocalPreferences - serenity.browser.maximized=true
14:46:39.472 [Test worker] DEBUG net.thucydides.core.util.PropertiesFileLocalPreferences - LOADING LOCAL PROPERTIES FROM C:\Falabella_Buy\serenity.properties 
14:46:39.485 [Test worker] DEBUG net.thucydides.core.util.PropertiesFileLocalPreferences - LOADING LOCAL PROPERTIES FROM C:\Falabella_Buy\serenity.properties 
14:46:39.485 [Test worker] DEBUG net.thucydides.core.util.PropertiesFileLocalPreferences - LOADING LOCAL PROPERTIES FROM C:\Falabella_Buy\serenity.properties 
14:46:39.485 [Test worker] DEBUG net.thucydides.core.util.PropertiesFileLocalPreferences - webdriver.driver=chrome
14:46:39.485 [Test worker] DEBUG net.thucydides.core.util.PropertiesFileLocalPreferences - chrome.capabilities.incognito=true
14:46:39.485 [Test worker] DEBUG net.thucydides.core.util.PropertiesFileLocalPreferences - webdriver.chrome.driver=src/test/resources/drivers/chromedriver.exe
14:46:39.485 [Test worker] DEBUG net.thucydides.core.util.PropertiesFileLocalPreferences - chrome.capabilities.acceptSslCerts=true
14:46:39.485 [Test worker] DEBUG net.thucydides.core.util.PropertiesFileLocalPreferences - serenity.console.colors=true
14:46:39.485 [Test worker] DEBUG net.thucydides.core.util.PropertiesFileLocalPreferences - webdriver.base.url=https://www.falabella.com.co
14:46:39.485 [Test worker] DEBUG net.thucydides.core.util.PropertiesFileLocalPreferences - serenity.project.name=File_Upload
14:46:39.485 [Test worker] DEBUG net.thucydides.core.util.PropertiesFileLocalPreferences - webdriver.wait.for.timeout=6000
14:46:39.485 [Test worker] DEBUG net.thucydides.core.util.PropertiesFileLocalPreferences - serenity.use.unique.browser=true
14:46:39.485 [Test worker] DEBUG net.thucydides.core.util.PropertiesFileLocalPreferences - webdriver.timeouts.implicitlywait=10000
14:46:39.485 [Test worker] DEBUG net.thucydides.core.util.PropertiesFileLocalPreferences - serenity.browser.maximized=true
14:46:39.493 [Test worker] INFO net.thucydides.core.steps.ConsoleLoggingListener - ?[96m

-------------------------------------------------------------------------------------
     _______. _______ .______       _______ .__   __.  __  .___________.____    ____ 
    /       ||   ____||   _  \     |   ____||  \ |  | |  | |           |\   \  /   / 
   |   (----`|  |__   |  |_)  |    |  |__   |   \|  | |  | `---|  |----` \   \/   /  
    \   \    |   __|  |      /     |   __|  |  . `  | |  |     |  |       \_    _/   
.----)   |   |  |____ |  |\  \----.|  |____ |  |\   | |  |     |  |         |  |     
|_______/    |_______|| _| `._____||_______||__| \__| |__|     |__|         |__|    
                                                                                     
 News and tutorials at http://www.serenity-bdd.info                                  
 Documentation at https://wakaleo.gitbooks.io/the-serenity-book/content/             
 Join the Serenity Community on Rocket Chat at https://serenity-bdd.rocket.chat      
 Serenity BDD Support and Training at http://serenity-bdd.info/#/trainingandsupport  
 Learn Serenity BDD online at http://serenity-dojo.com                               
-------------------------------------------------------------------------------------
?[0m
14:46:39.493 [Test worker] DEBUG net.thucydides.core.steps.StepEventBus - Test suite started for story net.thucydides.core.model.Story@9c78d403
14:46:39.508 [Test worker] INFO net.thucydides.core.steps.ConsoleLoggingListener - Test Suite Started: Formulario de Registro
14:46:39.584 [Test worker] INFO net.thucydides.core.steps.ConsoleLoggingListener - 
 _____ _____ ____ _____   ____ _____  _    ____ _____ _____ ____  
|_   _| ____/ ___|_   _| / ___|_   _|/ \  |  _ \_   _| ____|  _ \ 
  | | |  _| \___ \ | |   \___ \ | | / _ \ | |_) || | |  _| | | | |
  | | | |___ ___) || |    ___) || |/ ___ \|  _ < | | | |___| |_| |
  |_| |_____|____/ |_|   |____/ |_/_/   \_\_| \_\|_| |_____|____/ 
                                                                  

TEST STARTED: como usuario comprar un xbox y verificar el precio correcto
-------------------------------------------------------------------(formulario-de-registro;como-usuario-comprar-un-xbox-y-verificar-el-precio-correcto)
14:47:26.842 [Test worker] DEBUG net.thucydides.core.reports.ReportService - Reporting formats: [JSON, HTML]
14:47:26.959 [Test worker] DEBUG net.thucydides.core.reports.ReportService - Reporting formats: [JSON, HTML]
14:47:26.992 [Test worker] DEBUG net.thucydides.core.reports.ReportService - Generating reports for 1 test outcomes using: net.thucydides.core.reports.json.JSONTestOutcomeReporter@75d8e7b5
14:47:26.992 [pool-1-thread-1] DEBUG net.thucydides.core.reports.ReportService - Processing test outcome Formulario de Registro:como usuario comprar un xbox y verificar el precio correcto
14:47:26.992 [pool-1-thread-1] DEBUG net.thucydides.core.reports.ReportService - net.thucydides.core.reports.json.JSONTestOutcomeReporter@75d8e7b5: Generating report for test outcome: Formulario de Registro:como usuario comprar un xbox y verificar el precio correcto
14:47:26.992 [pool-1-thread-1] DEBUG net.thucydides.core.reports.json.JSONTestOutcomeReporter - Generating JSON report for como usuario comprar un xbox y verificar el precio correcto to file C:\Falabella_Buy\target\site\serenity\f6817f6a7794823ca88f061e5a71abcfbed73ecaac9e141322754ed7b6612ba8.json (using temp file C:\Falabella_Buy\target\site\serenity\f6817f6a7794823ca88f061e5a71abcfbed73ecaac9e141322754ed7b6612ba8.json800aa584-c92f-4bef-9fe9-7ec19144d6f9)
14:47:27.126 [pool-1-thread-1] DEBUG net.thucydides.core.reports.ReportService - Processing test outcome Formulario de Registro:como usuario comprar un xbox y verificar el precio correcto done
14:47:27.126 [Test worker] DEBUG net.thucydides.core.reports.ReportService - Shutting down executor service
14:47:27.126 [Test worker] DEBUG net.thucydides.core.reports.ReportService - Reports generated in: 134 ms
14:47:27.128 [Test worker] DEBUG net.thucydides.core.reports.ReportService - Generating reports for 1 test outcomes using: net.thucydides.core.reports.html.HtmlAcceptanceTestReporter@5021dac0
14:47:27.131 [pool-2-thread-1] DEBUG net.thucydides.core.reports.ReportService - Processing test outcome Formulario de Registro:como usuario comprar un xbox y verificar el precio correcto
14:47:27.131 [pool-2-thread-1] DEBUG net.thucydides.core.reports.ReportService - net.thucydides.core.reports.html.HtmlAcceptanceTestReporter@5021dac0: Generating report for test outcome: Formulario de Registro:como usuario comprar un xbox y verificar el precio correcto
14:47:27.133 [pool-2-thread-1] DEBUG net.thucydides.core.reports.html.HtmlAcceptanceTestReporter - GENERATE TEST OUTCOME REPORT FOR como usuario comprar un xbox y verificar el precio correcto in f6817f6a7794823ca88f061e5a71abcfbed73ecaac9e141322754ed7b6612ba8
14:47:27.153 [pool-2-thread-1] DEBUG net.thucydides.core.requirements.RequirementsTagProvider -  found:[]
14:47:27.165 [pool-2-thread-1] DEBUG net.thucydides.core.requirements.RequirementsTagProvider -  found:[]
14:47:27.277 [pool-2-thread-1] DEBUG net.thucydides.core.requirements.RequirementsTagProvider -  found:[]
14:47:27.279 [pool-2-thread-1] DEBUG net.thucydides.core.requirements.RequirementsTagProvider -  found:[]
14:47:27.454 [pool-2-thread-1] DEBUG net.thucydides.core.reports.html.HtmlAcceptanceTestReporter - Generating report in f6817f6a7794823ca88f061e5a71abcfbed73ecaac9e141322754ed7b6612ba8_screenshots.html
14:47:28.208 [pool-2-thread-1] DEBUG net.thucydides.core.reports.html.HtmlAcceptanceTestReporter - Generated report f6817f6a7794823ca88f061e5a71abcfbed73ecaac9e141322754ed7b6612ba8_screenshots.html in 754 ms
14:47:28.211 [pool-2-thread-1] DEBUG net.thucydides.core.reports.html.HtmlAcceptanceTestReporter - GENERATING HTML REPORT FOR Formulario de Registro:como usuario comprar un xbox y verificar el precio correcto in f6817f6a7794823ca88f061e5a71abcfbed73ecaac9e141322754ed7b6612ba8.html in directory C:\Falabella_Buy\target\site\serenity  
14:47:28.213 [pool-2-thread-1] DEBUG net.thucydides.core.reports.html.HtmlAcceptanceTestReporter - Generating report in f6817f6a7794823ca88f061e5a71abcfbed73ecaac9e141322754ed7b6612ba8.html
14:47:28.283 [pool-2-thread-1] DEBUG net.thucydides.core.requirements.RequirementsTagProvider -  found:[]
14:47:28.296 [pool-2-thread-1] DEBUG net.thucydides.core.requirements.RequirementsTagProvider -  found:[]
14:47:28.411 [pool-2-thread-1] DEBUG net.thucydides.core.reports.html.HtmlAcceptanceTestReporter - Generated report f6817f6a7794823ca88f061e5a71abcfbed73ecaac9e141322754ed7b6612ba8.html in 198 ms
14:47:28.411 [pool-2-thread-1] DEBUG net.thucydides.core.reports.ReportService - Processing test outcome Formulario de Registro:como usuario comprar un xbox y verificar el precio correcto done
14:47:28.411 [Test worker] DEBUG net.thucydides.core.reports.ReportService - Shutting down executor service
14:47:28.412 [Test worker] DEBUG net.thucydides.core.reports.ReportService - Reports generated in: 1284 ms
14:47:28.733 [Test worker] DEBUG net.serenitybdd.core.photography.Darkroom - Closing darkroom
14:47:28.734 [Darkroom Processing Line] DEBUG net.serenitybdd.core.photography.DarkroomProcessingLine - Darkroom processing line shutting down

1 Scenarios (?[32m1 passed?[0m)
4 Steps (?[32m4 passed?[0m)
0m47,544s

]]></system-out>
  <system-err><![CDATA[]]></system-err>
</testsuite>
